>>>>>>>>>>>>>>>>>>>>>>>>>>>>>>>>>>>>>>>>>>>>>>>>>>>>>>>>>>>>>>>>>>>>>>>>>>>>>>
>>>> Toolkit for HEP Event Generation - ThePEG 2.1.1 <<<<<<<<<<<<<<<<<<<<<<<<<
>>>> Mon Oct 28 23:38:53 2019                                             <<<<
<<<<<<<<<<<<<<<<<<<<<<<<<<<<<<<<<<<<<<<<<<<<<<<<<<<<<<<<<<<<<<<<<<<<<<<<<<<<<<

>> Herwig 7.1.1 / ThePEG 2.1.1

==============================================================================
Statistics for event handler 'EventHandler':
                                       generated    number of    Cross-section
                                          events     attempts             (nb)
==============================================================================
Total (from attempted events): including vetoed events           5.339(9)e+03
==============================================================================
Total (from generated events):           100000       100002     5.339(9)e+03
Events carry unit weights.
==============================================================================
Per matrix element breakdown:
MEqq2gZ2ff                                     8            8       0.4(2)e+00
MEQCD2to2                                  99992        99994     5.338(9)e+03
==============================================================================
>>>>>>>>>>>>>>>>>>>>>>>>>>>>>>>>>>>>>>>>>>>>>>>>>>>>>>>>>>>>>>>>>>>>>>>>>>>>>>
>>>> Toolkit for HEP Event Generation - ThePEG 2.1.1 <<<<<<<<<<<<<<<<<<<<<<<<<
>>>> Mon Oct 28 23:41:09 2019                                             <<<<
<<<<<<<<<<<<<<<<<<<<<<<<<<<<<<<<<<<<<<<<<<<<<<<<<<<<<<<<<<<<<<<<<<<<<<<<<<<<<<

>> Herwig 7.1.1 / ThePEG 2.1.1

==============================================================================
Statistics for event handler 'EventHandler':
                                       generated    number of    Cross-section
                                          events     attempts             (nb)
==============================================================================
Total (from attempted events): including vetoed events           0.603(1)e+06
==============================================================================
Total (from generated events):           100000       100001     0.603(1)e+06
Events carry unit weights.
==============================================================================
Per matrix element breakdown:
MEqq2gZ2ff                                     2            2        12(9)e+00
MEQCD2to2                                  99998        99999     0.603(1)e+06
==============================================================================
